app/build/outputs/logs/manifest-merger-debug-report.txt
-- Merging decision tree log ---
manifest
ADDED from src\main\AndroidManifest.xml:3:1-29:12
INJECTED from src\main\AndroidManifest.xml:3:1-29:12
INJECTED from src\main\AndroidManifest.xml:3:1-29:12
INJECTED from src\main\AndroidManifest.xml:3:1-29:12
INJECTED from src\main\AndroidManifest.xml:3:1-29:12
INJECTED from src\main\AndroidManifest.xml:3:1-29:12
INJECTED from src\main\AndroidManifest.xml:3:1-29:12
	package
		ADDED from src\main\AndroidManifest.xml:4:5-34
		INJECTED from src\main\AndroidManifest.xml
		INJECTED from src\main\AndroidManifest.xml
	android:versionName
		INJECTED from src\main\AndroidManifest.xml
		ADDED from src\main\AndroidManifest.xml:3:1-29:12
		INJECTED from src\main\AndroidManifest.xml
	android:versionCode
		INJECTED from src\main\AndroidManifest.xml
		ADDED from src\main\AndroidManifest.xml:3:1-29:12
		INJECTED from src\main\AndroidManifest.xml
	xmlns:android
		ADDED from src\main\AndroidManifest.xml:3:11-69
uses-feature#0x00010001
ADDED from src\main\AndroidManifest.xml:6:5-54
	android:glEsVersion
		ADDED from src\main\AndroidManifest.xml:6:19-51
uses-permission#android.permission.VIBRATE
ADDED from src\main\AndroidManifest.xml:8:5-66
	android:name
		ADDED from src\main\AndroidManifest.xml:8:22-63
uses-permission#android.permission.READ_EXTERNAL_STORAGE
ADDED from src\main\AndroidManifest.xml:9:5-80
	android:name
		ADDED from src\main\AndroidManifest.xml:9:22-77
uses-permission#android.permission.WRITE_EXTERNAL_STORAGE
ADDED from src\main\AndroidManifest.xml:10:5-81
	android:name
		ADDED from src\main\AndroidManifest.xml:10:22-78
application
ADDED from src\main\AndroidManifest.xml:12:5-28:19
	android:label
		ADDED from src\main\AndroidManifest.xml:12:18-50
	android:hasCode
		ADDED from src\main\AndroidManifest.xml:14:18-41
	android:icon
		ADDED from src\main\AndroidManifest.xml:13:18-52
	android:allowBackup
		ADDED from src\main\AndroidManifest.xml:15:18-44
activity#android.app.NativeActivity
ADDED from src\main\AndroidManifest.xml:17:9-27:20
	android:configChanges
		ADDED from src\main\AndroidManifest.xml:18:19-80
	android:name
		ADDED from src\main\AndroidManifest.xml:17:19-60
meta-data#android.app.lib_name
ADDED from src\main\AndroidManifest.xml:20:13-94
	android:value
		ADDED from src\main\AndroidManifest.xml:20:60-91
	android:name
		ADDED from src\main\AndroidManifest.xml:20:24-59
meta-data#sfml.app.lib_name
ADDED from src\main\AndroidManifest.xml:21:13-88
	android:value
		ADDED from src\main\AndroidManifest.xml:21:57-85
	android:name
		ADDED from src\main\AndroidManifest.xml:21:24-56
intent-filter#action:name:android.intent.action.MAIN+category:name:android.intent.category.LAUNCHER
ADDED from src\main\AndroidManifest.xml:23:13-26:29
action#android.intent.action.MAIN
ADDED from src\main\AndroidManifest.xml:24:17-69
	android:name
		ADDED from src\main\AndroidManifest.xml:24:25-66
category#android.intent.category.LAUNCHER
ADDED from src\main\AndroidManifest.xml:25:17-77
	android:name
		ADDED from src\main\AndroidManifest.xml:25:27-74
uses-sdk
INJECTED from src\main\AndroidManifest.xml reason: use-sdk injection requested
INJECTED from src\main\AndroidManifest.xml
INJECTED from src\main\AndroidManifest.xml
INJECTED from src\main\AndroidManifest.xml
INJECTED from src\main\AndroidManifest.xml
	android:targetSdkVersion
		INJECTED from src\main\AndroidManifest.xml
		ADDED from src\main\AndroidManifest.xml
		INJECTED from src\main\AndroidManifest.xml
	android:minSdkVersion
		INJECTED from src\main\AndroidManifest.xml
		ADDED from src\main\AndroidManifest.xml
		INJECTED from src\main\AndroidManifest.xml